[2024-08-19 14:59:34]  Modulo: USUARIO | filtro: PROVINCIA 
[2024-08-19 14:59:34] Intentando ejecutar SQL: SELECT MODULO, FILTRO, DESCRIPCION FROM filtros WHERE modulo = ? AND filtro = ? | Parámetros: Array
(
    [0] => USUARIO
    [1] => PROVINCIA
)

[2024-08-19 14:59:38]  Modulo: ITEM | filtro: CATEGORIA 
[2024-08-19 14:59:38] Intentando ejecutar SQL: SELECT MODULO, FILTRO, DESCRIPCION FROM filtros WHERE modulo = ? AND filtro = ? | Parámetros: Array
(
    [0] => ITEM
    [1] => CATEGORIA
)

[2024-08-19 14:59:44]  Modulo: USUARIO | filtro: PROVINCIA 
[2024-08-19 14:59:44] Intentando ejecutar SQL: SELECT MODULO, FILTRO, DESCRIPCION FROM filtros WHERE modulo = ? AND filtro = ? | Parámetros: Array
(
    [0] => USUARIO
    [1] => PROVINCIA
)

[2024-08-19 15:06:04]  Modulo: USUARIO | filtro: PROVINCIA 
[2024-08-19 15:06:04] Intentando ejecutar SQL: SELECT MODULO, FILTRO, DESCRIPCION FROM filtros WHERE modulo = ? AND filtro = ? | Parámetros: Array
(
    [0] => USUARIO
    [1] => PROVINCIA
)

[2024-08-19 15:11:19]  Modulo: ITEM | filtro: CATEGORIA 
[2024-08-19 15:11:19] Intentando ejecutar SQL: SELECT MODULO, FILTRO, DESCRIPCION FROM filtros WHERE modulo = ? AND filtro = ? | Parámetros: Array
(
    [0] => ITEM
    [1] => CATEGORIA
)

[2024-08-19 15:11:24]  Modulo: ITEM | filtro: CATEGORIA 
[2024-08-19 15:11:24] Intentando ejecutar SQL: SELECT MODULO, FILTRO, DESCRIPCION FROM filtros WHERE modulo = ? AND filtro = ? | Parámetros: Array
(
    [0] => ITEM
    [1] => CATEGORIA
)

[2024-08-19 17:59:11]  Modulo: USUARIO | filtro: PROVINCIA 
[2024-08-19 17:59:11] Intentando ejecutar SQL: SELECT MODULO, FILTRO, DESCRIPCION FROM filtros WHERE modulo = ? AND filtro = ? | Parámetros: Array
(
    [0] => USUARIO
    [1] => PROVINCIA
)

